<?xml version="1.0" encoding="UTF-8"?>
<!-- Generated by org.testng.reporters.JUnitReportReporter -->
<testsuite skipped="0" hostname="Soumyak-PC" name="test.TestActitimeLogin" tests="1" failures="0" timestamp="04 Jun 2020 05:57:12 GMT" time="1.455" errors="0">
  <testcase name="submit" time="1.455" classname="test.TestActitimeLogin"/>
</testsuite> <!-- test.TestActitimeLogin -->
